fatal: Mensaje de error fatal
error: Mensaje de error
fatal: Mensaje de error fatal
error: Mensaje de errorerror: Error desconocido
error: Error desconocido
error: Error desconocido
error: Error desconocido
error: Error desconocido
error: Error desconocido
error: Error desconocido
error: Error desconocido
error: Error desconocido
error: Error desconocido
error: Error desconocido
error: Error desconocido
error: Error desconocido
error: Codigo ya utilizado: Codigo sk192sd ya existe
error: Error desconocido
error: No se pudo obtener el usuario: Error: Error: Usuario y contraseña no coinciden
error: Error desconocido
error: Error desconocido
error: Error desconocido
error: Error desconocido
error: Error desconocido
error: Error desconocido
error: Error desconocido
error: Error desconocido
error: Error desconocido
error: Error desconocido
error: Codigo ya utilizado: Codigo 2192kjs ya existe
error: Error desconocido
error: Error desconocido
error: No se pudo registrar el usuario: Error: TypeError: Cannot read properties of null (reading '_id')
error: No se pudo registrar el usuario: Error: Error: El usuario ya existe
